<?xml version="1.0" encoding="UTF-8"?>
<!-- Generated by org.testng.reporters.JUnitXMLReporter -->
<testsuite ignored="0" hostname="LAPTOP-JGFOPR4G" failures="0" tests="6" name="Default test" time="9.44" errors="0" timestamp="16 Jul 2022 12:12:03 GMT">
  <testcase classname="org.mobile.TV" name="cancel" time="0.162"/>
  <testcase classname="org.mobile.TV" name="search" time="0.11"/>
  <testcase classname="org.mobile.TV" name="Workbook" time="1.248"/>
  <testcase classname="org.mobile.TV" name="Tv" time="0.083"/>
  <testcase classname="org.mobile.TV" name="WindowHandle" time="0.021"/>
  <testcase classname="org.mobile.TV" name="ScreenShot" time="2.424"/>
</testsuite> <!-- Default test -->
